<?xml version="1.0" encoding="UTF-8"?>
<testsuite xmlns:xsi="http://www.w3.org/2001/XMLSchema-instance" xsi:noNamespaceSchemaLocation="https://maven.apache.org/surefire/maven-surefire-plugin/xsd/surefire-test-report.xsd" version="3.0.2" name="com.example.demo.AuthorTests" time="0.034" tests="6" errors="0" skipped="0" failures="0">
  <properties>
[...]
</properties>
  <testcase name="testAuthorConstructorWithParams" classname="com.example.demo.AuthorTests" time="0.014"/>
  <testcase name="testAuthorCreation" classname="com.example.demo.AuthorTests" time="0.0"/>
  <testcase name="testAuthorAndBookRelationship" classname="com.example.demo.AuthorTests" time="0.001"/>
  <testcase name="contextLoads" classname="com.example.demo.AuthorTests" time="0.0"/>
  <testcase name="testAuthorNameChange" classname="com.example.demo.AuthorTests" time="0.0"/>
  <testcase name="testAuthorIDChange" classname="com.example.demo.AuthorTests" time="0.001"/>
</testsuite>